c:\users\acer\desktop\tower dè\tower def\tower def\x64\debug\vc143.pdb
c:\users\acer\desktop\tower dè\tower def\tower def\x64\debug\vc143.idb
c:\users\acer\desktop\tower dè\tower def\tower def\x64\debug\towerslot.obj
c:\users\acer\desktop\tower dè\tower def\tower def\x64\debug\towermanager.obj
c:\users\acer\desktop\tower dè\tower def\tower def\x64\debug\tower.obj
c:\users\acer\desktop\tower dè\tower def\tower def\x64\debug\texturemanager.obj
c:\users\acer\desktop\tower dè\tower def\tower def\x64\debug\play.obj
c:\users\acer\desktop\tower dè\tower def\tower def\x64\debug\mapgrid.obj
c:\users\acer\desktop\tower dè\tower def\tower def\x64\debug\mapgame.obj
c:\users\acer\desktop\tower dè\tower def\tower def\x64\debug\main.obj
c:\users\acer\desktop\tower dè\tower def\tower def\x64\debug\gamewindow.obj
c:\users\acer\desktop\tower dè\tower def\tower def\x64\debug\enemymanager.obj
c:\users\acer\desktop\tower dè\tower def\tower def\x64\debug\cpoint.obj
c:\users\acer\desktop\tower dè\tower def\tower def\x64\debug\cenemy.obj
c:\users\acer\desktop\tower dè\tower def\tower def\x64\debug\bullet.obj
c:\users\acer\desktop\tower dè\tower def\tower def\x64\debug\background.obj
c:\users\acer\desktop\tower dè\tower def\x64\debug\tower def.exe
c:\users\acer\desktop\tower dè\tower def\x64\debug\tower def.pdb
c:\users\acer\desktop\tower dè\tower def\tower def\x64\debug\tower def.ilk
c:\users\acer\desktop\tower dè\tower def\tower def\x64\debug\tower def.tlog\cl.command.1.tlog
c:\users\acer\desktop\tower dè\tower def\tower def\x64\debug\tower def.tlog\cl.items.tlog
c:\users\acer\desktop\tower dè\tower def\tower def\x64\debug\tower def.tlog\cl.read.1.tlog
c:\users\acer\desktop\tower dè\tower def\tower def\x64\debug\tower def.tlog\cl.write.1.tlog
c:\users\acer\desktop\tower dè\tower def\tower def\x64\debug\tower def.tlog\link.command.1.tlog
c:\users\acer\desktop\tower dè\tower def\tower def\x64\debug\tower def.tlog\link.read.1.tlog
c:\users\acer\desktop\tower dè\tower def\tower def\x64\debug\tower def.tlog\link.secondary.1.tlog
c:\users\acer\desktop\tower dè\tower def\tower def\x64\debug\tower def.tlog\link.write.1.tlog
